#
# A fatal error has been detected by the Java Runtime Environment:
#
#  EXCEPTION_ACCESS_VIOLATION (0xc0000005) at pc=0x00000000510d248b, pid=1232, tid=2792
#
# JRE version: Java(TM) SE Runtime Environment (7.0_45-b18) (build 1.7.0_45-b18)
# Java VM: Java HotSpot(TM) 64-Bit Server VM (24.45-b08 mixed mode windows-amd64 compressed oops)
# Problematic frame:
# V  [jvm.dll+0x14248b]
#
# Failed to write core dump. Minidumps are not enabled by default on client versions of Windows
#
# If you would like to submit a bug report, please visit:
#   http://bugreport.sun.com/bugreport/crash.jsp
#

---------------  T H R E A D  ---------------

Current thread (0x0000000007791800):  JavaThread "JDWP Transport Listener: dt_socket" daemon [_thread_in_vm, id=2792, stack(0x0000000008d90000,0x0000000008e90000)]

siginfo: ExceptionCode=0xc0000005, reading address 0xffffffffffffffff

Registers:
RAX=0x0000000008e8f401, RBX=0x0000000007791800, RCX=0x6573776f72426974, RDX=0x0000000000000000
RSP=0x0000000008e8f430, RBP=0x6573776f72426974, RSI=0x0000000008e8f548, RDI=0x00000000022bb930
R8 =0x0000000007791800, R9 =0x00000aa4002b0012, R10=0x0000000000000002, R11=0x0000000009a04482
R12=0x0000000000000000, R13=0x0000000007792168, R14=0x0000000000000000, R15=0x0000000000000000
RIP=0x00000000510d248b, EFLAGS=0x0000000000010206

Top of Stack: (sp=0x0000000008e8f430)
0x0000000008e8f430:   0000000000000002 0000000009a20d40
0x0000000008e8f440:   0000000008e8f610 0000000051271039
0x0000000008e8f450:   0000000007791800 000000005128ebe2
0x0000000008e8f460:   0000000000000000 00000000559e8e89
0x0000000008e8f470:   00000000077c9350 00000000559f265a
0x0000000008e8f480:   0000000007791800 0000000000000000
0x0000000008e8f490:   0000000000000000 0000000000000000
0x0000000008e8f4a0:   6573776f72426974 00000000559f1751
0x0000000008e8f4b0:   0000000008e8f548 0000000008e8f520
0x0000000008e8f4c0:   0000000000000001 00000000077c9350
0x0000000008e8f4d0:   6573776f72426974 00000000559d53b3
0x0000000008e8f4e0:   0000000008e8f610 0000000000000001
0x0000000008e8f4f0:   0000000000000001 00000000077c9350
0x0000000008e8f500:   0000000000000008 0000000000000000
0x0000000008e8f510:   0000000000000000 0000000000000000
0x0000000008e8f520:   0000000000000001 00000000559d5571 

Instructions: (pc=0x00000000510d248b)
0x00000000510d246b:   48 8b 5c 24 30 48 89 47 18 48 83 c4 20 5f c3 cc
0x00000000510d247b:   cc cc cc cc cc 40 53 48 83 ec 20 48 85 c9 74 54
0x00000000510d248b:   48 8b 19 48 85 db 74 4c 48 b8 fe fe fe fe fe fe
0x00000000510d249b:   fe fe 48 3b d8 74 3d 80 3d 8f 87 60 00 00 74 15 


Register to memory mapping:

RAX=0x0000000008e8f401 is pointing into the stack for thread: 0x0000000007791800
RBX=0x0000000007791800 is a thread
RCX=0x6573776f72426974 is an unknown value
RDX=0x0000000000000000 is an unknown value
RSP=0x0000000008e8f430 is pointing into the stack for thread: 0x0000000007791800
RBP=0x6573776f72426974 is an unknown value
RSI=0x0000000008e8f548 is pointing into the stack for thread: 0x0000000007791800
RDI=0x00000000022bb930 is an unknown value
R8 =0x0000000007791800 is a thread
R9 =0x00000aa4002b0012 is an unknown value
R10=0x0000000000000002 is an unknown value
R11=0x0000000009a04482 is an unknown value
R12=0x0000000000000000 is an unknown value
R13=0x0000000007792168 is an unknown value
R14=0x0000000000000000 is an unknown value
R15=0x0000000000000000 is an unknown value


Stack: [0x0000000008d90000,0x0000000008e90000],  sp=0x0000000008e8f430,  free space=1021k
Native frames: (J=compiled Java code, j=interpreted, Vv=VM code, C=native code)
V  [jvm.dll+0x14248b]


---------------  P R O C E S S  ---------------

Java Threads: ( => current thread )
  0x00000000077b9000 JavaThread "Service Thread" daemon [_thread_blocked, id=9212, stack(0x0000000008fd0000,0x00000000090d0000)]
  0x00000000077a8800 JavaThread "C2 CompilerThread1" daemon [_thread_blocked, id=4300, stack(0x0000000009400000,0x0000000009500000)]
  0x00000000077b7000 JavaThread "C2 CompilerThread0" daemon [_thread_blocked, id=9060, stack(0x0000000009270000,0x0000000009370000)]
  0x000000000779d000 JavaThread "JDWP Command Reader" daemon [_thread_in_native, id=5572, stack(0x00000000090e0000,0x00000000091e0000)]
  0x000000000779a000 JavaThread "JDWP Event Helper Thread" daemon [_thread_blocked, id=4392, stack(0x0000000008e90000,0x0000000008f90000)]
=>0x0000000007791800 JavaThread "JDWP Transport Listener: dt_socket" daemon [_thread_in_vm, id=2792, stack(0x0000000008d90000,0x0000000008e90000)]
  0x0000000007781800 JavaThread "Attach Listener" daemon [_thread_blocked, id=8600, stack(0x0000000008850000,0x0000000008950000)]
  0x0000000007780000 JavaThread "Signal Dispatcher" daemon [_thread_blocked, id=7868, stack(0x00000000086c0000,0x00000000087c0000)]
  0x000000000772c800 JavaThread "Finalizer" daemon [_thread_blocked, id=8632, stack(0x0000000008590000,0x0000000008690000)]
  0x000000000225e000 JavaThread "Reference Handler" daemon [_thread_blocked, id=3172, stack(0x0000000008370000,0x0000000008470000)]
  0x0000000002182000 JavaThread "main" [_thread_blocked, id=3156, stack(0x00000000025c0000,0x00000000026c0000)]

Other Threads:
  0x000000000225c000 VMThread [stack: 0x0000000008270000,0x0000000008370000] [id=6692]
  0x00000000077ba000 WatcherThread [stack: 0x0000000009500000,0x0000000009600000] [id=8464]

VM state:not at safepoint (normal execution)

VM Mutex/Monitor currently owned by a thread: None

Heap
 PSYoungGen      total 14336K, used 5682K [0x00000000f0280000, 0x00000000f1280000, 0x0000000100000000)
  eden space 12288K, 46% used [0x00000000f0280000,0x00000000f080cb70,0x00000000f0e80000)
  from space 2048K, 0% used [0x00000000f1080000,0x00000000f1080000,0x00000000f1280000)
  to   space 2048K, 0% used [0x00000000f0e80000,0x00000000f0e80000,0x00000000f1080000)
 ParOldGen       total 32256K, used 0K [0x00000000d0800000, 0x00000000d2780000, 0x00000000f0280000)
  object space 32256K, 0% used [0x00000000d0800000,0x00000000d0800000,0x00000000d2780000)
 PSPermGen       total 21504K, used 4151K [0x00000000cb600000, 0x00000000ccb00000, 0x00000000d0800000)
  object space 21504K, 19% used [0x00000000cb600000,0x00000000cba0df40,0x00000000ccb00000)

Card table byte_map: [0x00000000022c0000,0x0000000002470000] byte_map_base: 0x0000000001c65000

Polling page: 0x0000000000130000

Code Cache  [0x00000000026c0000, 0x0000000002930000, 0x00000000056c0000)
 total_blobs=222 nmethods=28 adapters=156 free_code_cache=48695Kb largest_free_block=49842368

Compilation events (10 events):
Event: 1.154 Thread 0x00000000077a8800   24             java.io.DataOutputStream::incCount (20 bytes)
Event: 1.154 Thread 0x00000000077b7000   25  s          java.io.ByteArrayOutputStream::write (32 bytes)
Event: 1.155 Thread 0x00000000077a8800 nmethod 24 0x00000000027292d0 code [0x0000000002729400, 0x0000000002729458]
Event: 1.157 Thread 0x00000000077b7000 nmethod 25 0x000000000272a4d0 code [0x000000000272a620, 0x000000000272aa88]
Event: 1.163 Thread 0x00000000077a8800   26             java.util.HashMap::indexFor (6 bytes)
Event: 1.164 Thread 0x00000000077a8800 nmethod 26 0x0000000002723590 code [0x00000000027236c0, 0x00000000027236f8]
Event: 1.361 Thread 0x00000000077b7000   27             com.intellij.rt.execution.junit.segments.Packet::encode (155 bytes)
Event: 1.376 Thread 0x00000000077b7000 nmethod 27 0x0000000002731210 code [0x0000000002731400, 0x0000000002732050]
Event: 1.388 Thread 0x00000000077a8800   28   !         java.io.BufferedReader::readLine (304 bytes)
Event: 1.426 Thread 0x00000000077a8800 nmethod 28 0x0000000002732d50 code [0x0000000002732f20, 0x0000000002734360]

GC Heap History (0 events):
No events

Deoptimization events (0 events):
No events

Internal exceptions (10 events):
Event: 1.336 Thread 0x0000000002182000 Threw 0x00000000f073a998 at C:\re\jdk7u45\229\hotspot\src\share\vm\prims\jvm.cpp:1244
Event: 1.341 Thread 0x0000000002182000 Threw 0x00000000f073f5b0 at C:\re\jdk7u45\229\hotspot\src\share\vm\prims\jvm.cpp:1244
Event: 1.343 Thread 0x0000000002182000 Threw 0x00000000f0744850 at C:\re\jdk7u45\229\hotspot\src\share\vm\prims\jvm.cpp:1244
Event: 1.345 Thread 0x0000000002182000 Threw 0x00000000f07471c8 at C:\re\jdk7u45\229\hotspot\src\share\vm\prims\jvm.cpp:1244
Event: 1.347 Thread 0x0000000002182000 Threw 0x00000000f074c058 at C:\re\jdk7u45\229\hotspot\src\share\vm\prims\jvm.cpp:1244
Event: 1.356 Thread 0x0000000002182000 Threw 0x00000000f076e880 at C:\re\jdk7u45\229\hotspot\src\share\vm\prims\jvm.cpp:1244
Event: 1.359 Thread 0x0000000002182000 Threw 0x00000000f0786258 at C:\re\jdk7u45\229\hotspot\src\share\vm\prims\jvm.cpp:1244
Event: 1.392 Thread 0x0000000002182000 Threw 0x00000000f07f8f30 at C:\re\jdk7u45\229\hotspot\src\share\vm\prims\jvm.cpp:1244
Event: 1.393 Thread 0x0000000002182000 Threw 0x00000000f07fd398 at C:\re\jdk7u45\229\hotspot\src\share\vm\prims\jvm.cpp:1244
Event: 55.567 Thread 0x0000000002182000 Threw 0x00000000f0802048 at C:\re\jdk7u45\229\hotspot\src\share\vm\prims\jvm.cpp:1244

Events (10 events):
Event: 144764.518 Executing VM operation: ChangeBreakpoints
Event: 144764.519 Executing VM operation: ChangeBreakpoints done
Event: 144764.520 Executing VM operation: ChangeBreakpoints
Event: 144764.520 Executing VM operation: ChangeBreakpoints done
Event: 144764.521 Executing VM operation: ChangeBreakpoints
Event: 144764.521 Executing VM operation: ChangeBreakpoints done
Event: 144764.522 Executing VM operation: ChangeBreakpoints
Event: 144764.522 Executing VM operation: ChangeBreakpoints done
Event: 144764.531 Executing VM operation: RedefineClasses
Event: 144764.533 Executing VM operation: RedefineClasses done


Dynamic libraries:
0x000000013f5c0000 - 0x000000013f5f3000 	C:\Program Files\Java\jdk1.7.0_45\bin\java.exe
0x0000000077a10000 - 0x0000000077bb9000 	C:\windows\SYSTEM32\ntdll.dll
0x00000000777f0000 - 0x000000007790f000 	C:\windows\system32\kernel32.dll
0x000007fefd870000 - 0x000007fefd8db000 	C:\windows\system32\KERNELBASE.dll
0x000007fefe8b0000 - 0x000007fefe98b000 	C:\windows\system32\ADVAPI32.dll
0x000007fefe470000 - 0x000007fefe50f000 	C:\windows\system32\msvcrt.dll
0x000007fefeb70000 - 0x000007fefeb8f000 	C:\windows\SYSTEM32\sechost.dll
0x000007fefde60000 - 0x000007fefdf8d000 	C:\windows\system32\RPCRT4.dll
0x0000000077910000 - 0x0000000077a0a000 	C:\windows\system32\USER32.dll
0x000007fefe7c0000 - 0x000007fefe827000 	C:\windows\system32\GDI32.dll
0x000007fefddb0000 - 0x000007fefddbe000 	C:\windows\system32\LPK.dll
0x000007fefdc90000 - 0x000007fefdd59000 	C:\windows\system32\USP10.dll
0x000007fefc240000 - 0x000007fefc434000 	C:\windows\WinSxS\amd64_microsoft.windows.common-controls_6595b64144ccf1df_6.0.7601.17514_none_fa396087175ac9ac\COMCTL32.dll
0x000007fefddc0000 - 0x000007fefde31000 	C:\windows\system32\SHLWAPI.dll
0x000007fefe030000 - 0x000007fefe05e000 	C:\windows\system32\IMM32.DLL
0x000007fefe060000 - 0x000007fefe169000 	C:\windows\system32\MSCTF.dll
0x00000000554c0000 - 0x0000000055592000 	C:\Program Files\Java\jdk1.7.0_45\jre\bin\msvcr100.dll
0x0000000050f90000 - 0x0000000051759000 	C:\Program Files\Java\jdk1.7.0_45\jre\bin\server\jvm.dll
0x000007feefcb0000 - 0x000007feefcb9000 	C:\windows\system32\WSOCK32.dll
0x000007fefdd60000 - 0x000007fefddad000 	C:\windows\system32\WS2_32.dll
0x000007fefe380000 - 0x000007fefe388000 	C:\windows\system32\NSI.dll
0x000007fefb340000 - 0x000007fefb37b000 	C:\windows\system32\WINMM.dll
0x0000000077bd0000 - 0x0000000077bd7000 	C:\windows\system32\PSAPI.DLL
0x0000000069680000 - 0x000000006968f000 	C:\Program Files\Java\jdk1.7.0_45\jre\bin\verify.dll
0x0000000057f50000 - 0x0000000057f78000 	C:\Program Files\Java\jdk1.7.0_45\jre\bin\java.dll
0x00000000559d0000 - 0x0000000055a05000 	C:\Program Files\Java\jdk1.7.0_45\jre\bin\jdwp.dll
0x00000000699e0000 - 0x00000000699e8000 	C:\Program Files\Java\jdk1.7.0_45\jre\bin\npt.dll
0x00000000614d0000 - 0x00000000614e5000 	C:\Program Files\Java\jdk1.7.0_45\jre\bin\zip.dll
0x00000000599a0000 - 0x00000000599a9000 	C:\Program Files\Java\jdk1.7.0_45\jre\bin\dt_socket.dll
0x000007fefd030000 - 0x000007fefd085000 	C:\windows\system32\mswsock.dll
0x000007fefc9a0000 - 0x000007fefc9a7000 	C:\windows\System32\wshtcpip.dll
0x000007fef8f40000 - 0x000007fef9065000 	C:\windows\system32\dbghelp.dll

VM Arguments:
jvm_args: -agentlib:jdwp=transport=dt_socket,address=127.0.0.1:26439,suspend=y,server=n -ea -Dfile.encoding=UTF-8 
java_command: com.intellij.rt.execution.junit.JUnitStarter -ideVersion5 com.selenium.webdriver.driverManager.SuiteTest
Launcher Type: SUN_STANDARD

Environment Variables:
JAVA_HOME=C:\Program Files\Java\jdk1.7.0_45
PATH=C:\Program Files\Common Files\Microsoft Shared\Windows Live;C:\Program Files (x86)\Common Files\Microsoft Shared\Windows Live;C:\windows\system32;C:\windows;C:\windows\System32\Wbem;C:\windows\System32\WindowsPowerShell\v1.0\;C:\Program Files\Broadcom\Broadcom 802.11 Network Adapter\Driver;C:\Program Files (x86)\Windows Live\Shared;C:\Program Files (x86)\Microsoft SQL Server\100\Tools\Binn\;C:\Program Files\Microsoft SQL Server\100\Tools\Binn\;C:\Program Files\Microsoft SQL Server\100\DTS\Binn\;C:\Program Files\Microsoft\Web Platform Installer\;C:\Program Files\Apace Software Foundation\apache-maven-3.1.1\bin;C:\Program Files\Apace Software Foundation\apache-maven-3.1.1\bin
USERNAME=Ehsun
OS=Windows_NT
PROCESSOR_IDENTIFIER=Intel64 Family 6 Model 23 Stepping 10, GenuineIntel



---------------  S Y S T E M  ---------------

OS: Windows 7 , 64 bit Build 7601 Service Pack 1

CPU:total 2 (2 cores per cpu, 1 threads per core) family 6 model 23 stepping 10, cmov, cx8, fxsr, mmx, sse, sse2, sse3, ssse3, tsc

Memory: 4k page, physical 3105392k(650640k free), swap 8987960k(3260848k free)

vm_info: Java HotSpot(TM) 64-Bit Server VM (24.45-b08) for windows-amd64 JRE (1.7.0_45-b18), built on Oct  8 2013 05:47:22 by "java_re" with unknown MS VC++:1600

time: Sun Apr 20 15:26:38 2014
elapsed time: 144765 seconds

